<?xml version="1.0" encoding="UTF-8"?>
<!-- Generated by org.testng.reporters.JUnitReportReporter -->
<testsuite skipped="0" hostname="Akash" name="com.crmpro.qa.testcases.CRMLoginPageTest" tests="4" failures="0" timestamp="03 Mar 2019 10:30:33 GMT" time="195.136" errors="0">
  <testcase name="verify_Login_With_Invalid_Credentials" time="32.656" classname="com.crmpro.qa.testcases.CRMLoginPageTest"/>
  <testcase name="verify_Login_With_Invalid_Credentials" time="37.227" classname="com.crmpro.qa.testcases.CRMLoginPageTest"/>
  <testcase name="verify_Login_With_Invalid_Credentials" time="25.459" classname="com.crmpro.qa.testcases.CRMLoginPageTest"/>
  <testcase name="verify_Login_With_Valid_Credentials" time="99.794" classname="com.crmpro.qa.testcases.CRMLoginPageTest"/>
</testsuite> <!-- com.crmpro.qa.testcases.CRMLoginPageTest -->
