<?xml version="1.0" encoding="UTF-8"?>
<!-- Generated by org.testng.reporters.JUnitReportReporter -->
<testsuite skipped="3" hostname="Akash" name="com.crmpro.qa.testcases.CRMHomePageTest" tests="6" failures="0" timestamp="13 Apr 2019 15:08:06 GMT" time="115.132" errors="0">
  <testcase name="verify_New_combinedForm_option_test" time="34.393" classname="com.crmpro.qa.testcases.CRMHomePageTest"/>
  <testcase name="verify_New_company_option_test" time="40.493" classname="com.crmpro.qa.testcases.CRMHomePageTest"/>
  <testcase name="verify_FullSearchForm_option_test" time="40.246" classname="com.crmpro.qa.testcases.CRMHomePageTest"/>
  <testcase name="test_credential_using_prop" classname="com.crmpro.qa.testcases.CRMHomePageTest">
    <skipped/>
  </testcase> <!-- test_credential_using_prop -->
  <testcase name="verify_logout_link" classname="com.crmpro.qa.testcases.CRMHomePageTest">
    <skipped/>
  </testcase> <!-- verify_logout_link -->
  <testcase name="verify_New_company_Link" classname="com.crmpro.qa.testcases.CRMHomePageTest">
    <skipped/>
  </testcase> <!-- verify_New_company_Link -->
</testsuite> <!-- com.crmpro.qa.testcases.CRMHomePageTest -->
