<?xml version="1.0" encoding="UTF-8"?>
<!-- Generated by org.testng.reporters.JUnitReportReporter -->
<testsuite skipped="3" hostname="Akash" name="com.crmpro.qa.testcases.CRMLoginPageTest" tests="4" failures="0" timestamp="03 Mar 2019 12:46:20 GMT" time="22.450" errors="0">
  <testcase name="verifyLgnPageLogo" time="22.450" classname="com.crmpro.qa.testcases.CRMLoginPageTest"/>
  <testcase name="verify_Page_Title" classname="com.crmpro.qa.testcases.CRMLoginPageTest">
    <skipped/>
  </testcase> <!-- verify_Page_Title -->
  <testcase name="verify_Login_With_Invalid_Credentials" classname="com.crmpro.qa.testcases.CRMLoginPageTest">
    <skipped/>
  </testcase> <!-- verify_Login_With_Invalid_Credentials -->
  <testcase name="verify_Login_With_Valid_Credentials" classname="com.crmpro.qa.testcases.CRMLoginPageTest">
    <skipped/>
  </testcase> <!-- verify_Login_With_Valid_Credentials -->
</testsuite> <!-- com.crmpro.qa.testcases.CRMLoginPageTest -->
