<?xml version="1.0" encoding="UTF-8"?>
<!-- Generated by org.testng.reporters.JUnitReportReporter -->
<testsuite skipped="0" hostname="Akash" name="com.crmpro.qa.testcases.Test1" tests="1" failures="0" timestamp="02 Mar 2019 12:09:06 GMT" time="72.415" errors="0">
  <testcase name="Newstest" time="72.415" classname="com.crmpro.qa.testcases.Test1"/>
</testsuite> <!-- com.crmpro.qa.testcases.Test1 -->
